{"level":"info","message":"Tue Jun 04 2024 21:18:51 GMT+0530 (India Standard Time)_/api/posts/_{}\n","service":"Request - Logging"}
{"level":"info","message":"Tue Jun 04 2024 21:21:06 GMT+0530 (India Standard Time) - Req URL: /api/posts/ - Req Body: {}\n ","service":"Request - Logging"}
{"level":"info","message":"Wed Jun 05 2024 05:42:48 GMT+0530 (India Standard Time) - Req URL: /api/users/login - Req Body: {\"email\":\"kiran1@gmail.com\",\"password\":\"12qsw3e\"}\n","service":"Request - Logging"}
{"level":"info","message":"Wed Jun 05 2024 05:49:31 GMT+0530 (India Standard Time) - Req URL: /api/posts/draft - Req Body: {}\n","service":"Request - Logging"}
{"level":"info","message":"Wed Jun 05 2024 05:50:17 GMT+0530 (India Standard Time) - Req URL: /api/posts/draft - Req Body: {}\n","service":"Request - Logging"}
{"level":"info","message":"Wed Jun 05 2024 05:51:05 GMT+0530 (India Standard Time) - Req URL: /api/posts/draft - Req Body: {}\n","service":"Request - Logging"}
{"level":"info","message":"Wed Jun 05 2024 05:51:32 GMT+0530 (India Standard Time) - Req URL: /api/posts/draft - Req Body: {}\n","service":"Request - Logging"}
{"level":"info","message":"Wed Jun 05 2024 05:52:01 GMT+0530 (India Standard Time) - Req URL: /api/posts/draft - Req Body: {}\n","service":"Request - Logging"}
{"level":"info","message":"Wed Jun 05 2024 05:52:52 GMT+0530 (India Standard Time) - Req URL: /api/posts/draft - Req Body: {}\n","service":"Request - Logging"}
{"level":"info","message":"Wed Jun 05 2024 05:54:14 GMT+0530 (India Standard Time) - Req URL: /api/posts/draft - Req Body: {}\n","service":"Request - Logging"}
{"level":"info","message":"Wed Jun 05 2024 05:55:42 GMT+0530 (India Standard Time) - Req URL: /api/posts/draft - Req Body: {}\n","service":"Request - Logging"}
{"level":"info","message":"Wed Jun 05 2024 05:56:08 GMT+0530 (India Standard Time) - Req URL: /api/posts/draft - Req Body: {}\n","service":"Request - Logging"}
{"level":"info","message":"Wed Jun 05 2024 05:57:14 GMT+0530 (India Standard Time) - Req URL: /api/posts/draft - Req Body: {}\n","service":"Request - Logging"}
{"level":"info","message":"Wed Jun 05 2024 05:58:06 GMT+0530 (India Standard Time) - Req URL: /api/posts/draft - Req Body: {\"caption\":\"caption for draft\",\"image\":\"\"}\n","service":"Request - Logging"}
{"level":"info","message":"Wed Jun 05 2024 05:58:30 GMT+0530 (India Standard Time) - Req URL: /api/posts/draft - Req Body: {\"caption\":\"caption for draft\",\"image\":\"\"}\n","service":"Request - Logging"}
{"level":"info","message":"Wed Jun 05 2024 05:58:48 GMT+0530 (India Standard Time) - Req URL: /api/posts/draft - Req Body: {}\n","service":"Request - Logging"}
{"level":"info","message":"Wed Jun 05 2024 05:59:08 GMT+0530 (India Standard Time) - Req URL: /api/posts/draft - Req Body: {}\n","service":"Request - Logging"}
{"level":"info","message":"Wed Jun 05 2024 05:59:57 GMT+0530 (India Standard Time) - Req URL: /api/posts/draft - Req Body: {}\n","service":"Request - Logging"}
{"level":"info","message":"Wed Jun 05 2024 06:02:11 GMT+0530 (India Standard Time) - Req URL: /api/posts/draft - Req Body: {}\n","service":"Request - Logging"}
{"level":"info","message":"Wed Jun 05 2024 06:02:24 GMT+0530 (India Standard Time) - Req URL: /api/posts/draft - Req Body: {}\n","service":"Request - Logging"}
